parsed configuration from file `config.txt`
	activation_function: Text("sigmoid")
	error_cutoff: Numeric(0.0008)
	learn_rate: Numeric(0.1)
	max_iterations: Integer(1000)
	network_topology: IntList([16384, 16, 16, 5])
Loaded 25 datapoints from dataset/train.data
loss=0.544698	acc=8.00	λ=0.100000	it=0
loss=0.404752	acc=0.00	λ=0.100000	it=8
loss=0.404505	acc=0.00	λ=0.100000	it=16
loss=0.404452	acc=0.00	λ=0.100000	it=24
loss=0.404421	acc=0.00	λ=0.100000	it=32
loss=0.404357	acc=0.00	λ=0.100000	it=40
loss=0.404283	acc=0.00	λ=0.100000	it=48
loss=0.404241	acc=0.00	λ=0.100000	it=56
loss=0.404074	acc=0.00	λ=0.100000	it=64
loss=0.403924	acc=0.00	λ=0.100000	it=72
loss=0.403652	acc=0.00	λ=0.100000	it=80
loss=0.403325	acc=0.00	λ=0.100000	it=88
loss=0.402776	acc=0.00	λ=0.100000	it=96
loss=0.402040	acc=0.00	λ=0.100000	it=104
loss=0.400871	acc=4.00	λ=0.100000	it=112
loss=0.399135	acc=12.00	λ=0.100000	it=120
loss=0.396071	acc=20.00	λ=0.100000	it=128
loss=0.391525	acc=40.00	λ=0.100000	it=136
loss=0.382813	acc=40.00	λ=0.100000	it=144
loss=0.369258	acc=40.00	λ=0.100000	it=152
loss=0.352022	acc=40.00	λ=0.100000	it=160
loss=0.338065	acc=40.00	λ=0.100000	it=168
loss=0.325508	acc=40.00	λ=0.100000	it=176
loss=0.319461	acc=40.00	λ=0.100000	it=184
loss=0.314373	acc=40.00	λ=0.100000	it=192
loss=0.311325	acc=40.00	λ=0.100000	it=200
loss=0.306552	acc=40.00	λ=0.100000	it=208
loss=0.306787	acc=52.00	λ=0.100000	it=216
loss=0.301904	acc=44.00	λ=0.100000	it=224
loss=0.299676	acc=52.00	λ=0.100000	it=232
loss=0.295437	acc=60.00	λ=0.100000	it=240
loss=0.292871	acc=60.00	λ=0.100000	it=248
loss=0.286718	acc=68.00	λ=0.100000	it=256
loss=0.281933	acc=68.00	λ=0.100000	it=264
loss=0.279377	acc=72.00	λ=0.100000	it=272
loss=0.271392	acc=68.00	λ=0.100000	it=280
loss=0.259665	acc=76.00	λ=0.100000	it=288
loss=0.246375	acc=84.00	λ=0.100000	it=296
loss=0.236441	acc=80.00	λ=0.100000	it=304
loss=0.216812	acc=88.00	λ=0.100000	it=312
loss=0.199607	acc=84.00	λ=0.100000	it=320
loss=0.180764	acc=92.00	λ=0.100000	it=328
loss=0.161294	acc=96.00	λ=0.100000	it=336
loss=0.142392	acc=96.00	λ=0.100000	it=344
loss=0.127175	acc=96.00	λ=0.100000	it=352
loss=0.110387	acc=96.00	λ=0.100000	it=360
loss=0.094764	acc=100.00	λ=0.100000	it=368
loss=0.083907	acc=100.00	λ=0.100000	it=376
loss=0.072918	acc=100.00	λ=0.100000	it=384
loss=0.057368	acc=100.00	λ=0.100000	it=392
loss=0.041842	acc=100.00	λ=0.100000	it=400
loss=0.043963	acc=100.00	λ=0.100000	it=408
loss=0.034609	acc=100.00	λ=0.100000	it=416
loss=0.026754	acc=100.00	λ=0.100000	it=424
loss=0.023747	acc=100.00	λ=0.100000	it=432
loss=0.020964	acc=100.00	λ=0.100000	it=440
loss=0.018082	acc=100.00	λ=0.100000	it=448
loss=0.017957	acc=100.00	λ=0.100000	it=456
loss=0.016348	acc=100.00	λ=0.100000	it=464
loss=0.015378	acc=100.00	λ=0.100000	it=472
loss=0.014909	acc=100.00	λ=0.100000	it=480
loss=0.013676	acc=100.00	λ=0.100000	it=488
loss=0.015831	acc=100.00	λ=0.100000	it=496
loss=0.014200	acc=100.00	λ=0.100000	it=504
loss=0.010280	acc=100.00	λ=0.100000	it=512
loss=0.010155	acc=100.00	λ=0.100000	it=520
loss=0.008541	acc=100.00	λ=0.100000	it=528
loss=0.008102	acc=100.00	λ=0.100000	it=536
loss=0.007894	acc=100.00	λ=0.100000	it=544
loss=0.007436	acc=100.00	λ=0.100000	it=552
loss=0.006625	acc=100.00	λ=0.100000	it=560
loss=0.006851	acc=100.00	λ=0.100000	it=568
loss=0.006623	acc=100.00	λ=0.100000	it=576
loss=0.006033	acc=100.00	λ=0.100000	it=584
loss=0.005916	acc=100.00	λ=0.100000	it=592
loss=0.007064	acc=100.00	λ=0.100000	it=600
loss=0.005187	acc=100.00	λ=0.100000	it=608
loss=0.005033	acc=100.00	λ=0.100000	it=616
loss=0.005787	acc=100.00	λ=0.100000	it=624
loss=0.004764	acc=100.00	λ=0.100000	it=632
loss=0.004412	acc=100.00	λ=0.100000	it=640
loss=0.004356	acc=100.00	λ=0.100000	it=648
loss=0.003787	acc=100.00	λ=0.100000	it=656
loss=0.005440	acc=100.00	λ=0.100000	it=664
loss=0.003903	acc=100.00	λ=0.100000	it=672
loss=0.004228	acc=100.00	λ=0.100000	it=680
loss=0.004198	acc=100.00	λ=0.100000	it=688
loss=0.003380	acc=100.00	λ=0.100000	it=696
loss=0.003304	acc=100.00	λ=0.100000	it=704
loss=0.004020	acc=100.00	λ=0.100000	it=712
loss=0.003480	acc=100.00	λ=0.100000	it=720
loss=0.003245	acc=100.00	λ=0.100000	it=728
loss=0.002903	acc=100.00	λ=0.100000	it=736
loss=0.003381	acc=100.00	λ=0.100000	it=744
loss=0.003258	acc=100.00	λ=0.100000	it=752
loss=0.002708	acc=100.00	λ=0.100000	it=760
loss=0.003303	acc=100.00	λ=0.100000	it=768
loss=0.002747	acc=100.00	λ=0.100000	it=776
loss=0.002660	acc=100.00	λ=0.100000	it=784
loss=0.003288	acc=100.00	λ=0.100000	it=792
loss=0.002664	acc=100.00	λ=0.100000	it=800
loss=0.002599	acc=100.00	λ=0.100000	it=808
loss=0.002500	acc=100.00	λ=0.100000	it=816
loss=0.002590	acc=100.00	λ=0.100000	it=824
loss=0.002768	acc=100.00	λ=0.100000	it=832
loss=0.002349	acc=100.00	λ=0.100000	it=840
loss=0.002391	acc=100.00	λ=0.100000	it=848
loss=0.002206	acc=100.00	λ=0.100000	it=856
loss=0.002221	acc=100.00	λ=0.100000	it=864
loss=0.002429	acc=100.00	λ=0.100000	it=872
loss=0.002120	acc=100.00	λ=0.100000	it=880
loss=0.001989	acc=100.00	λ=0.100000	it=888
loss=0.002694	acc=100.00	λ=0.100000	it=896
loss=0.002007	acc=100.00	λ=0.100000	it=904
loss=0.002122	acc=100.00	λ=0.100000	it=912
loss=0.002397	acc=100.00	λ=0.100000	it=920
loss=0.001901	acc=100.00	λ=0.100000	it=928
loss=0.001816	acc=100.00	λ=0.100000	it=936
loss=0.001687	acc=100.00	λ=0.100000	it=944
loss=0.001976	acc=100.00	λ=0.100000	it=952
loss=0.001617	acc=100.00	λ=0.100000	it=960
loss=0.001665	acc=100.00	λ=0.100000	it=968
loss=0.002389	acc=100.00	λ=0.100000	it=976
loss=0.002552	acc=100.00	λ=0.100000	it=984
loss=0.001579	acc=100.00	λ=0.100000	it=992

Terminated training after 1000/1000 iterations
loss=0.001617, threshold=0.000800
	+ Reached maximum number of iterations

Trained in 74.9337 seconds (74.9337ms per epoch, 2.9973ms per case)

Truth table
network = [0.9813735, 0.021951973, 0.0021121746, 0.02942979, 0.021704828] (expected [1.00, 0.00, 0.00, 0.00, 0.00])
network = [0.031014415, 0.98333955, 0.022949548, 0.00010274507, 0.0026428415] (expected [0.00, 1.00, 0.00, 0.00, 0.00])
network = [0.00087865203, 0.024963863, 0.97384906, 0.020805238, 7.9252306e-5] (expected [0.00, 0.00, 1.00, 0.00, 0.00])
network = [0.007249835, 9.866695e-6, 0.042713072, 0.975685, 0.02393436] (expected [0.00, 0.00, 0.00, 1.00, 0.00])
network = [0.016378047, 6.1802704e-5, 0.00036125325, 0.019640762, 0.9730006] (expected [0.00, 0.00, 0.00, 0.00, 1.00])
network = [0.98108864, 0.036755603, 0.001824157, 0.024696048, 0.02214316] (expected [1.00, 0.00, 0.00, 0.00, 0.00])
network = [0.030975472, 0.98458225, 0.020743439, 8.4420426e-5, 0.0031117823] (expected [0.00, 1.00, 0.00, 0.00, 0.00])
network = [0.00089447206, 0.029743385, 0.97290343, 0.019861119, 7.509774e-5] (expected [0.00, 0.00, 1.00, 0.00, 0.00])
network = [0.012947625, 1.3487114e-5, 0.047784958, 0.9790437, 0.019339519] (expected [0.00, 0.00, 0.00, 1.00, 0.00])
network = [0.016360736, 6.160241e-5, 0.00036215893, 0.019858444, 0.9729714] (expected [0.00, 0.00, 0.00, 0.00, 1.00])
network = [0.98152244, 0.025575206, 0.0021509533, 0.029283963, 0.02061939] (expected [1.00, 0.00, 0.00, 0.00, 0.00])
network = [0.029753843, 0.98262364, 0.024807328, 0.0001139847, 0.0024211938] (expected [0.00, 1.00, 0.00, 0.00, 0.00])
network = [0.0008502946, 0.027141266, 0.9732791, 0.019413128, 7.786688e-5] (expected [0.00, 0.00, 1.00, 0.00, 0.00])
network = [0.0069045047, 9.257345e-6, 0.036857303, 0.9740006, 0.027512928] (expected [0.00, 0.00, 0.00, 1.00, 0.00])
network = [0.017667297, 6.0251103e-5, 0.00036025228, 0.021517532, 0.97329134] (expected [0.00, 0.00, 0.00, 0.00, 1.00])
network = [0.9818678, 0.028381122, 0.001862689, 0.030508764, 0.022314854] (expected [1.00, 0.00, 0.00, 0.00, 0.00])
network = [0.03427449, 0.98272586, 0.022662034, 0.00010965498, 0.002623811] (expected [0.00, 1.00, 0.00, 0.00, 0.00])
network = [0.0008735108, 0.026475871, 0.9731088, 0.019883148, 7.929108e-5] (expected [0.00, 0.00, 1.00, 0.00, 0.00])
network = [0.012573726, 1.3108506e-5, 0.052806936, 0.979293, 0.018338272] (expected [0.00, 0.00, 0.00, 1.00, 0.00])
network = [0.017385632, 6.109811e-5, 0.00036071296, 0.021679329, 0.9731265] (expected [0.00, 0.00, 0.00, 0.00, 1.00])
network = [0.9814197, 0.028603926, 0.0021152534, 0.02726102, 0.020550456] (expected [1.00, 0.00, 0.00, 0.00, 0.00])
network = [0.030829215, 0.9845399, 0.020706108, 8.19012e-5, 0.0032588714] (expected [0.00, 1.00, 0.00, 0.00, 0.00])
network = [0.0009019743, 0.025782302, 0.9731083, 0.021208214, 8.029041e-5] (expected [0.00, 0.00, 1.00, 0.00, 0.00])
network = [0.007582719, 1.0189929e-5, 0.047098096, 0.976709, 0.02232233] (expected [0.00, 0.00, 0.00, 1.00, 0.00])
network = [0.017644703, 5.9786642e-5, 0.00036447312, 0.022378797, 0.97300774] (expected [0.00, 0.00, 0.00, 0.00, 1.00])
Ran epoch in 10.3430ms (0.4137ms per case)
final loss: 0.0010744173	final accuracy: 100

saved neural network to file `network.net`
